[0.062s] DEBUG:colcon:Command line arguments: ['/usr/bin/colcon', 'build', '--packages-select', 'line_laser_ros']
[0.062s] DEBUG:colcon:Parsed command line arguments: Namespace(log_base=None, log_level=None, verb_name='build', build_base='build', install_base='install', merge_install=False, symlink_install=False, test_result_base=None, continue_on_error=False, executor='parallel', parallel_workers=12, event_handlers=None, ignore_user_meta=False, metas=['./colcon.meta'], base_paths=['.'], packages_ignore=None, packages_ignore_regex=None, paths=None, packages_up_to=None, packages_up_to_regex=None, packages_above=None, packages_above_and_dependencies=None, packages_above_depth=None, packages_select_by_dep=None, packages_skip_by_dep=None, packages_skip_up_to=None, packages_select_build_failed=False, packages_skip_build_finished=False, packages_select_test_failures=False, packages_skip_test_passed=False, packages_select=['line_laser_ros'], packages_skip=None, packages_select_regex=None, packages_skip_regex=None, packages_start=None, packages_end=None, allow_overriding=[], cmake_args=None, cmake_target=None, cmake_target_skip_unavailable=False, cmake_clean_cache=False, cmake_clean_first=False, cmake_force_configure=False, ament_cmake_args=None, catkin_cmake_args=None, catkin_skip_building_tests=False, verb_parser=<colcon_defaults.argument_parser.defaults.DefaultArgumentsDecorator object at 0x768dfcf2f400>, verb_extension=<colcon_core.verb.build.BuildVerb object at 0x768dfcf2ee30>, main=<bound method BuildVerb.main of <colcon_core.verb.build.BuildVerb object at 0x768dfcf2ee30>>)
[0.156s] Level 1:colcon.colcon_core.package_discovery:discover_packages(colcon_meta) check parameters
[0.156s] Level 1:colcon.colcon_core.package_discovery:discover_packages(recursive) check parameters
[0.156s] Level 1:colcon.colcon_core.package_discovery:discover_packages(ignore) check parameters
[0.156s] Level 1:colcon.colcon_core.package_discovery:discover_packages(path) check parameters
[0.156s] Level 1:colcon.colcon_core.package_discovery:discover_packages(colcon_meta) discover
[0.156s] Level 1:colcon.colcon_core.package_discovery:discover_packages(recursive) discover
[0.156s] INFO:colcon.colcon_core.package_discovery:Crawling recursively for packages in '/home/duc/ros2_ws/src/line_laser_ros'
[0.156s] Level 1:colcon.colcon_core.package_identification:_identify(.) by extensions ['ignore', 'ignore_ament_install']
[0.156s] Level 1:colcon.colcon_core.package_identification:_identify(.) by extension 'ignore'
[0.156s] Level 1:colcon.colcon_core.package_identification:_identify(.) by extension 'ignore_ament_install'
[0.156s] Level 1:colcon.colcon_core.package_identification:_identify(.) by extensions ['colcon_pkg']
[0.156s] Level 1:colcon.colcon_core.package_identification:_identify(.) by extension 'colcon_pkg'
[0.156s] Level 1:colcon.colcon_core.package_identification:_identify(.) by extensions ['colcon_meta']
[0.156s] Level 1:colcon.colcon_core.package_identification:_identify(.) by extension 'colcon_meta'
[0.156s] Level 1:colcon.colcon_core.package_identification:_identify(.) by extensions ['ros']
[0.156s] Level 1:colcon.colcon_core.package_identification:_identify(.) by extension 'ros'
[0.164s] DEBUG:colcon.colcon_core.package_identification:Package '.' with type 'ros.ament_cmake' and name 'line_laser_ros'
[0.165s] Level 1:colcon.colcon_core.package_discovery:discover_packages(recursive) using defaults
[0.165s] Level 1:colcon.colcon_core.package_discovery:discover_packages(ignore) discover
[0.165s] Level 1:colcon.colcon_core.package_discovery:discover_packages(ignore) using defaults
[0.165s] Level 1:colcon.colcon_core.package_discovery:discover_packages(path) discover
[0.165s] Level 1:colcon.colcon_core.package_discovery:discover_packages(path) using defaults
[0.177s] Level 1:colcon.colcon_core.package_discovery:discover_packages(prefix_path) check parameters
[0.177s] Level 1:colcon.colcon_core.package_discovery:discover_packages(prefix_path) discover
[0.178s] DEBUG:colcon.colcon_installed_package_information.package_discovery:Found 2 installed packages in /home/duc/ros2_ws/install
[0.178s] DEBUG:colcon.colcon_installed_package_information.package_discovery:Found 271 installed packages in /opt/ros/humble
[0.187s] Level 1:colcon.colcon_core.package_discovery:discover_packages(prefix_path) using defaults
[0.208s] Level 5:colcon.colcon_core.verb:set package 'line_laser_ros' build argument 'cmake_args' from command line to 'None'
[0.208s] Level 5:colcon.colcon_core.verb:set package 'line_laser_ros' build argument 'cmake_target' from command line to 'None'
[0.208s] Level 5:colcon.colcon_core.verb:set package 'line_laser_ros' build argument 'cmake_target_skip_unavailable' from command line to 'False'
[0.208s] Level 5:colcon.colcon_core.verb:set package 'line_laser_ros' build argument 'cmake_clean_cache' from command line to 'False'
[0.208s] Level 5:colcon.colcon_core.verb:set package 'line_laser_ros' build argument 'cmake_clean_first' from command line to 'False'
[0.208s] Level 5:colcon.colcon_core.verb:set package 'line_laser_ros' build argument 'cmake_force_configure' from command line to 'False'
[0.208s] Level 5:colcon.colcon_core.verb:set package 'line_laser_ros' build argument 'ament_cmake_args' from command line to 'None'
[0.208s] Level 5:colcon.colcon_core.verb:set package 'line_laser_ros' build argument 'catkin_cmake_args' from command line to 'None'
[0.208s] Level 5:colcon.colcon_core.verb:set package 'line_laser_ros' build argument 'catkin_skip_building_tests' from command line to 'False'
[0.208s] DEBUG:colcon.colcon_core.verb:Building package 'line_laser_ros' with the following arguments: {'ament_cmake_args': None, 'build_base': '/home/duc/ros2_ws/src/line_laser_ros/build/line_laser_ros', 'catkin_cmake_args': None, 'catkin_skip_building_tests': False, 'cmake_args': None, 'cmake_clean_cache': False, 'cmake_clean_first': False, 'cmake_force_configure': False, 'cmake_target': None, 'cmake_target_skip_unavailable': False, 'install_base': '/home/duc/ros2_ws/src/line_laser_ros/install/line_laser_ros', 'merge_install': False, 'path': '/home/duc/ros2_ws/src/line_laser_ros', 'symlink_install': False, 'test_result_base': None}
[0.208s] INFO:colcon.colcon_core.executor:Executing jobs using 'parallel' executor
[0.209s] DEBUG:colcon.colcon_parallel_executor.executor.parallel:run_until_complete
[0.209s] INFO:colcon.colcon_ros.task.ament_cmake.build:Building ROS package in '/home/duc/ros2_ws/src/line_laser_ros' with build type 'ament_cmake'
[0.209s] INFO:colcon.colcon_cmake.task.cmake.build:Building CMake package in '/home/duc/ros2_ws/src/line_laser_ros'
[0.211s] INFO:colcon.colcon_core.plugin_system:Skipping extension 'colcon_core.shell.bat': Not used on non-Windows systems
[0.211s] INFO:colcon.colcon_core.shell:Skip shell extension 'powershell' for command environment: Not usable outside of PowerShell
[0.211s] DEBUG:colcon.colcon_core.shell:Skip shell extension 'dsv' for command environment
[0.215s] DEBUG:colcon.colcon_core.event_handler.log_command:Invoking command in '/home/duc/ros2_ws/src/line_laser_ros/build/line_laser_ros': CMAKE_PREFIX_PATH=${CMAKE_PREFIX_PATH}:/opt/ros/humble /usr/bin/cmake /home/duc/ros2_ws/src/line_laser_ros -DCMAKE_INSTALL_PREFIX=/home/duc/ros2_ws/src/line_laser_ros/install/line_laser_ros
[0.959s] DEBUG:colcon.colcon_core.event_handler.log_command:Invoked command in '/home/duc/ros2_ws/src/line_laser_ros/build/line_laser_ros' returned '0': CMAKE_PREFIX_PATH=${CMAKE_PREFIX_PATH}:/opt/ros/humble /usr/bin/cmake /home/duc/ros2_ws/src/line_laser_ros -DCMAKE_INSTALL_PREFIX=/home/duc/ros2_ws/src/line_laser_ros/install/line_laser_ros
[0.960s] DEBUG:colcon.colcon_core.event_handler.log_command:Invoking command in '/home/duc/ros2_ws/src/line_laser_ros/build/line_laser_ros': CMAKE_PREFIX_PATH=${CMAKE_PREFIX_PATH}:/opt/ros/humble /usr/bin/cmake --build /home/duc/ros2_ws/src/line_laser_ros/build/line_laser_ros -- -j12 -l12
[5.276s] DEBUG:colcon.colcon_core.event_handler.log_command:Invoked command in '/home/duc/ros2_ws/src/line_laser_ros/build/line_laser_ros' returned '0': CMAKE_PREFIX_PATH=${CMAKE_PREFIX_PATH}:/opt/ros/humble /usr/bin/cmake --build /home/duc/ros2_ws/src/line_laser_ros/build/line_laser_ros -- -j12 -l12
[5.282s] DEBUG:colcon.colcon_core.event_handler.log_command:Invoking command in '/home/duc/ros2_ws/src/line_laser_ros/build/line_laser_ros': CMAKE_PREFIX_PATH=${CMAKE_PREFIX_PATH}:/opt/ros/humble /usr/bin/cmake --install /home/duc/ros2_ws/src/line_laser_ros/build/line_laser_ros
[5.290s] Level 1:colcon.colcon_core.environment:create_environment_scripts_only(line_laser_ros)
[5.290s] DEBUG:colcon.colcon_core.event_handler.log_command:Invoked command in '/home/duc/ros2_ws/src/line_laser_ros/build/line_laser_ros' returned '0': CMAKE_PREFIX_PATH=${CMAKE_PREFIX_PATH}:/opt/ros/humble /usr/bin/cmake --install /home/duc/ros2_ws/src/line_laser_ros/build/line_laser_ros
[5.292s] Level 1:colcon.colcon_core.environment:checking '/home/duc/ros2_ws/src/line_laser_ros/install/line_laser_ros' for CMake module files
[5.292s] Level 1:colcon.colcon_core.environment:checking '/home/duc/ros2_ws/src/line_laser_ros/install/line_laser_ros' for CMake config files
[5.292s] Level 1:colcon.colcon_core.shell:create_environment_hook('line_laser_ros', 'cmake_prefix_path')
[5.292s] INFO:colcon.colcon_core.shell:Creating environment hook '/home/duc/ros2_ws/src/line_laser_ros/install/line_laser_ros/share/line_laser_ros/hook/cmake_prefix_path.ps1'
[5.293s] INFO:colcon.colcon_core.shell:Creating environment descriptor '/home/duc/ros2_ws/src/line_laser_ros/install/line_laser_ros/share/line_laser_ros/hook/cmake_prefix_path.dsv'
[5.293s] INFO:colcon.colcon_core.shell:Creating environment hook '/home/duc/ros2_ws/src/line_laser_ros/install/line_laser_ros/share/line_laser_ros/hook/cmake_prefix_path.sh'
[5.294s] Level 1:colcon.colcon_core.environment:checking '/home/duc/ros2_ws/src/line_laser_ros/install/line_laser_ros/lib'
[5.294s] Level 1:colcon.colcon_core.environment:checking '/home/duc/ros2_ws/src/line_laser_ros/install/line_laser_ros/bin'
[5.294s] Level 1:colcon.colcon_core.environment:checking '/home/duc/ros2_ws/src/line_laser_ros/install/line_laser_ros/lib/pkgconfig/line_laser_ros.pc'
[5.294s] Level 1:colcon.colcon_core.environment:checking '/home/duc/ros2_ws/src/line_laser_ros/install/line_laser_ros/lib/python3.10/site-packages'
[5.294s] Level 1:colcon.colcon_core.environment:checking '/home/duc/ros2_ws/src/line_laser_ros/install/line_laser_ros/bin'
[5.294s] INFO:colcon.colcon_core.shell:Creating package script '/home/duc/ros2_ws/src/line_laser_ros/install/line_laser_ros/share/line_laser_ros/package.ps1'
[5.295s] INFO:colcon.colcon_core.shell:Creating package descriptor '/home/duc/ros2_ws/src/line_laser_ros/install/line_laser_ros/share/line_laser_ros/package.dsv'
[5.295s] INFO:colcon.colcon_core.shell:Creating package script '/home/duc/ros2_ws/src/line_laser_ros/install/line_laser_ros/share/line_laser_ros/package.sh'
[5.296s] INFO:colcon.colcon_core.shell:Creating package script '/home/duc/ros2_ws/src/line_laser_ros/install/line_laser_ros/share/line_laser_ros/package.bash'
[5.296s] INFO:colcon.colcon_core.shell:Creating package script '/home/duc/ros2_ws/src/line_laser_ros/install/line_laser_ros/share/line_laser_ros/package.zsh'
[5.296s] Level 1:colcon.colcon_core.environment:create_file_with_runtime_dependencies(/home/duc/ros2_ws/src/line_laser_ros/install/line_laser_ros/share/colcon-core/packages/line_laser_ros)
[5.297s] Level 1:colcon.colcon_core.environment:create_environment_scripts_only(line_laser_ros)
[5.297s] Level 1:colcon.colcon_core.environment:checking '/home/duc/ros2_ws/src/line_laser_ros/install/line_laser_ros' for CMake module files
[5.297s] Level 1:colcon.colcon_core.environment:checking '/home/duc/ros2_ws/src/line_laser_ros/install/line_laser_ros' for CMake config files
[5.297s] Level 1:colcon.colcon_core.shell:create_environment_hook('line_laser_ros', 'cmake_prefix_path')
[5.297s] INFO:colcon.colcon_core.shell:Creating environment hook '/home/duc/ros2_ws/src/line_laser_ros/install/line_laser_ros/share/line_laser_ros/hook/cmake_prefix_path.ps1'
[5.298s] INFO:colcon.colcon_core.shell:Creating environment descriptor '/home/duc/ros2_ws/src/line_laser_ros/install/line_laser_ros/share/line_laser_ros/hook/cmake_prefix_path.dsv'
[5.298s] INFO:colcon.colcon_core.shell:Creating environment hook '/home/duc/ros2_ws/src/line_laser_ros/install/line_laser_ros/share/line_laser_ros/hook/cmake_prefix_path.sh'
[5.298s] Level 1:colcon.colcon_core.environment:checking '/home/duc/ros2_ws/src/line_laser_ros/install/line_laser_ros/lib'
[5.298s] Level 1:colcon.colcon_core.environment:checking '/home/duc/ros2_ws/src/line_laser_ros/install/line_laser_ros/bin'
[5.298s] Level 1:colcon.colcon_core.environment:checking '/home/duc/ros2_ws/src/line_laser_ros/install/line_laser_ros/lib/pkgconfig/line_laser_ros.pc'
[5.298s] Level 1:colcon.colcon_core.environment:checking '/home/duc/ros2_ws/src/line_laser_ros/install/line_laser_ros/lib/python3.10/site-packages'
[5.298s] Level 1:colcon.colcon_core.environment:checking '/home/duc/ros2_ws/src/line_laser_ros/install/line_laser_ros/bin'
[5.299s] INFO:colcon.colcon_core.shell:Creating package script '/home/duc/ros2_ws/src/line_laser_ros/install/line_laser_ros/share/line_laser_ros/package.ps1'
[5.299s] INFO:colcon.colcon_core.shell:Creating package descriptor '/home/duc/ros2_ws/src/line_laser_ros/install/line_laser_ros/share/line_laser_ros/package.dsv'
[5.299s] INFO:colcon.colcon_core.shell:Creating package script '/home/duc/ros2_ws/src/line_laser_ros/install/line_laser_ros/share/line_laser_ros/package.sh'
[5.299s] INFO:colcon.colcon_core.shell:Creating package script '/home/duc/ros2_ws/src/line_laser_ros/install/line_laser_ros/share/line_laser_ros/package.bash'
[5.300s] INFO:colcon.colcon_core.shell:Creating package script '/home/duc/ros2_ws/src/line_laser_ros/install/line_laser_ros/share/line_laser_ros/package.zsh'
[5.300s] Level 1:colcon.colcon_core.environment:create_file_with_runtime_dependencies(/home/duc/ros2_ws/src/line_laser_ros/install/line_laser_ros/share/colcon-core/packages/line_laser_ros)
[5.300s] DEBUG:colcon.colcon_parallel_executor.executor.parallel:closing loop
[5.300s] DEBUG:colcon.colcon_parallel_executor.executor.parallel:loop closed
[5.300s] DEBUG:colcon.colcon_parallel_executor.executor.parallel:run_until_complete finished with '0'
[5.300s] DEBUG:colcon.colcon_core.event_reactor:joining thread
[5.305s] INFO:colcon.colcon_core.plugin_system:Skipping extension 'colcon_notification.desktop_notification.terminal_notifier': Not used on non-Darwin systems
[5.305s] INFO:colcon.colcon_core.plugin_system:Skipping extension 'colcon_notification.desktop_notification.win32': Not used on non-Windows systems
[5.305s] INFO:colcon.colcon_notification.desktop_notification:Sending desktop notification using 'notify2'
[5.312s] DEBUG:colcon.colcon_core.event_reactor:joined thread
[5.312s] INFO:colcon.colcon_core.shell:Creating prefix script '/home/duc/ros2_ws/src/line_laser_ros/install/local_setup.ps1'
[5.313s] INFO:colcon.colcon_core.shell:Creating prefix util module '/home/duc/ros2_ws/src/line_laser_ros/install/_local_setup_util_ps1.py'
[5.315s] INFO:colcon.colcon_core.shell:Creating prefix chain script '/home/duc/ros2_ws/src/line_laser_ros/install/setup.ps1'
[5.316s] INFO:colcon.colcon_core.shell:Creating prefix script '/home/duc/ros2_ws/src/line_laser_ros/install/local_setup.sh'
[5.316s] INFO:colcon.colcon_core.shell:Creating prefix util module '/home/duc/ros2_ws/src/line_laser_ros/install/_local_setup_util_sh.py'
[5.316s] INFO:colcon.colcon_core.shell:Creating prefix chain script '/home/duc/ros2_ws/src/line_laser_ros/install/setup.sh'
[5.317s] INFO:colcon.colcon_core.shell:Creating prefix script '/home/duc/ros2_ws/src/line_laser_ros/install/local_setup.bash'
[5.317s] INFO:colcon.colcon_core.shell:Creating prefix chain script '/home/duc/ros2_ws/src/line_laser_ros/install/setup.bash'
[5.318s] INFO:colcon.colcon_core.shell:Creating prefix script '/home/duc/ros2_ws/src/line_laser_ros/install/local_setup.zsh'
[5.318s] INFO:colcon.colcon_core.shell:Creating prefix chain script '/home/duc/ros2_ws/src/line_laser_ros/install/setup.zsh'
