-- The C compiler identification is GNU 11.4.0
-- The CXX compiler identification is GNU 11.4.0
-- Detecting C compiler ABI info
-- Detecting C compiler ABI info - done
-- Check for working C compiler: /usr/bin/cc - skipped
-- Detecting C compile features
-- Detecting C compile features - done
-- Detecting CXX compiler ABI info
-- Detecting CXX compiler ABI info - done
-- Check for working CXX compiler: /usr/bin/c++ - skipped
-- Detecting CXX compile features
-- Detecting CXX compile features - done
-- Found ament_cmake: 1.3.11 (/opt/ros/humble/share/ament_cmake/cmake)
-- Found Python3: /usr/bin/python3 (found version "3.10.12") found components: Interpreter 
-- Found rclcpp: 16.0.12 (/opt/ros/humble/share/rclcpp/cmake)
-- Found rosidl_generator_c: 3.1.6 (/opt/ros/humble/share/rosidl_generator_c/cmake)
-- Found rosidl_adapter: 3.1.6 (/opt/ros/humble/share/rosidl_adapter/cmake)
-- Found rosidl_generator_cpp: 3.1.6 (/opt/ros/humble/share/rosidl_generator_cpp/cmake)
-- Using all available rosidl_typesupport_c: rosidl_typesupport_fastrtps_c;rosidl_typesupport_introspection_c
-- Using all available rosidl_typesupport_cpp: rosidl_typesupport_fastrtps_cpp;rosidl_typesupport_introspection_cpp
-- Found rmw_implementation_cmake: 6.1.2 (/opt/ros/humble/share/rmw_implementation_cmake/cmake)
-- Found rmw_fastrtps_cpp: 6.2.7 (/opt/ros/humble/share/rmw_fastrtps_cpp/cmake)
-- Found OpenSSL: /usr/lib/x86_64-linux-gnu/libcrypto.so (found version "3.0.2")  
-- Found FastRTPS: /opt/ros/humble/include  
-- Using RMW implementation 'rmw_fastrtps_cpp' as default
-- Looking for pthread.h
-- Looking for pthread.h - found
-- Performing Test CMAKE_HAVE_LIBC_PTHREAD
-- Performing Test CMAKE_HAVE_LIBC_PTHREAD - Success
-- Found Threads: TRUE  
-- Found sensor_msgs: 4.8.0 (/opt/ros/humble/share/sensor_msgs/cmake)
-- Found Boost: /usr/lib/x86_64-linux-gnu/cmake/Boost-1.74.0/BoostConfig.cmake (found version "1.74.0") found components: system 
-- Found ament_lint_auto: 0.12.12 (/opt/ros/humble/share/ament_lint_auto/cmake)
-- Added test 'copyright' to check source files copyright and LICENSE
-- Added test 'cppcheck' to perform static code analysis on C / C++ code
-- Configured cppcheck include dirs: /home/duc/ros2_ws/src/line_laser_ros/include
-- Configured cppcheck exclude dirs and/or files: 
-- Added test 'cpplint' to check C / C++ code against the Google style
-- Configured cpplint exclude dirs and/or files: 
-- Added test 'flake8' to check Python code syntax and style conventions
-- Added test 'lint_cmake' to check CMake code style
-- Added test 'pep257' to check Python code against some of the docstring style conventions in PEP 257
-- Added test 'uncrustify' to check C / C++ code style
-- Configured uncrustify additional arguments: 
-- Added test 'xmllint' to check XML markup files
-- Configuring done
-- Generating done
-- Build files have been written to: /home/duc/ros2_ws/src/line_laser_ros/build/line_laser_ros
[ 33%] [32mBuilding CXX object CMakeFiles/n301n_serial_publisher.dir/src/n301n_lidar.cpp.o[0m
[ 66%] [32mBuilding CXX object CMakeFiles/n301n_serial_publisher.dir/src/n301n_publisher.cpp.o[0m
[100%] [32m[1mLinking CXX executable n301n_serial_publisher[0m
[100%] Built target n301n_serial_publisher
-- Install configuration: ""
-- Installing: /home/duc/ros2_ws/src/line_laser_ros/install/line_laser_ros/lib/line_laser_ros/n301n_serial_publisher
-- Set runtime path of "/home/duc/ros2_ws/src/line_laser_ros/install/line_laser_ros/lib/line_laser_ros/n301n_serial_publisher" to ""
-- Installing: /home/duc/ros2_ws/src/line_laser_ros/install/line_laser_ros/share/line_laser_ros/launch
-- Installing: /home/duc/ros2_ws/src/line_laser_ros/install/line_laser_ros/share/line_laser_ros/launch/laser.rviz
-- Installing: /home/duc/ros2_ws/src/line_laser_ros/install/line_laser_ros/share/line_laser_ros/launch/line_laser_half_deg.launch.py
-- Installing: /home/duc/ros2_ws/src/line_laser_ros/install/line_laser_ros/share/line_laser_ros/udev/99-laser.rules
-- Installing: /home/duc/ros2_ws/src/line_laser_ros/install/line_laser_ros/lib/line_laser_ros/create_udev_rules.sh
-- Installing: /home/duc/ros2_ws/src/line_laser_ros/install/line_laser_ros/lib/line_laser_ros/delete_udev_rules.sh
-- Installing: /home/duc/ros2_ws/src/line_laser_ros/install/line_laser_ros/share/ament_index/resource_index/package_run_dependencies/line_laser_ros
-- Installing: /home/duc/ros2_ws/src/line_laser_ros/install/line_laser_ros/share/ament_index/resource_index/parent_prefix_path/line_laser_ros
-- Installing: /home/duc/ros2_ws/src/line_laser_ros/install/line_laser_ros/share/line_laser_ros/environment/ament_prefix_path.sh
-- Installing: /home/duc/ros2_ws/src/line_laser_ros/install/line_laser_ros/share/line_laser_ros/environment/ament_prefix_path.dsv
-- Installing: /home/duc/ros2_ws/src/line_laser_ros/install/line_laser_ros/share/line_laser_ros/environment/path.sh
-- Installing: /home/duc/ros2_ws/src/line_laser_ros/install/line_laser_ros/share/line_laser_ros/environment/path.dsv
-- Installing: /home/duc/ros2_ws/src/line_laser_ros/install/line_laser_ros/share/line_laser_ros/local_setup.bash
-- Installing: /home/duc/ros2_ws/src/line_laser_ros/install/line_laser_ros/share/line_laser_ros/local_setup.sh
-- Installing: /home/duc/ros2_ws/src/line_laser_ros/install/line_laser_ros/share/line_laser_ros/local_setup.zsh
-- Installing: /home/duc/ros2_ws/src/line_laser_ros/install/line_laser_ros/share/line_laser_ros/local_setup.dsv
-- Installing: /home/duc/ros2_ws/src/line_laser_ros/install/line_laser_ros/share/line_laser_ros/package.dsv
-- Installing: /home/duc/ros2_ws/src/line_laser_ros/install/line_laser_ros/share/ament_index/resource_index/packages/line_laser_ros
-- Installing: /home/duc/ros2_ws/src/line_laser_ros/install/line_laser_ros/share/line_laser_ros/cmake/line_laser_rosConfig.cmake
-- Installing: /home/duc/ros2_ws/src/line_laser_ros/install/line_laser_ros/share/line_laser_ros/cmake/line_laser_rosConfig-version.cmake
-- Installing: /home/duc/ros2_ws/src/line_laser_ros/install/line_laser_ros/share/line_laser_ros/package.xml
